<?xml version="1.0" encoding="UTF-8"?>
<testsuite xmlns:xsi="http://www.w3.org/2001/XMLSchema-instance" xsi:noNamespaceSchemaLocation="https://maven.apache.org/surefire/maven-surefire-plugin/xsd/surefire-test-report-3.0.xsd" version="3.0" name="ShoppingCartAppTest" time="2.552" tests="22" errors="0" skipped="0" failures="0">
  <properties>
    <property name="java.specification.version" value="17"/>
    <property name="sun.cpu.isalist" value="amd64"/>
    <property name="sun.jnu.encoding" value="Cp1252"/>
    <property name="java.class.path" value="C:\Users\crme276\IdeaProjects\JUnit-Product\shopping-cart-tests\target\test-classes;C:\Users\crme276\IdeaProjects\JUnit-Product\shopping-cart-tests\target\classes;C:\Users\crme276\.m2\repository\org\junit\jupiter\junit-jupiter\5.10.0\junit-jupiter-5.10.0.jar;C:\Users\crme276\.m2\repository\org\junit\jupiter\junit-jupiter-api\5.10.0\junit-jupiter-api-5.10.0.jar;C:\Users\crme276\.m2\repository\org\opentest4j\opentest4j\1.3.0\opentest4j-1.3.0.jar;C:\Users\crme276\.m2\repository\org\junit\platform\junit-platform-commons\1.10.0\junit-platform-commons-1.10.0.jar;C:\Users\crme276\.m2\repository\org\apiguardian\apiguardian-api\1.1.2\apiguardian-api-1.1.2.jar;C:\Users\crme276\.m2\repository\org\junit\jupiter\junit-jupiter-params\5.10.0\junit-jupiter-params-5.10.0.jar;C:\Users\crme276\.m2\repository\org\junit\jupiter\junit-jupiter-engine\5.10.0\junit-jupiter-engine-5.10.0.jar;C:\Users\crme276\.m2\repository\org\junit\platform\junit-platform-engine\1.10.0\junit-platform-engine-1.10.0.jar;C:\Users\crme276\IdeaProjects\JUnit-Product\shopping-cart-model\target\shopping-cart-model-1.0-SNAPSHOT.jar;C:\Users\crme276\IdeaProjects\JUnit-Product\shopping-cart-offers\target\shopping-cart-offers-1.0-SNAPSHOT.jar;C:\Users\crme276\.m2\repository\org\mockito\mockito-core\5.19.0\mockito-core-5.19.0.jar;C:\Users\crme276\.m2\repository\net\bytebuddy\byte-buddy\1.17.6\byte-buddy-1.17.6.jar;C:\Users\crme276\.m2\repository\net\bytebuddy\byte-buddy-agent\1.17.6\byte-buddy-agent-1.17.6.jar;C:\Users\crme276\.m2\repository\org\objenesis\objenesis\3.3\objenesis-3.3.jar;"/>
    <property name="java.vm.vendor" value="Oracle Corporation"/>
    <property name="sun.arch.data.model" value="64"/>
    <property name="user.variant" value=""/>
    <property name="java.vendor.url" value="https://java.oracle.com/"/>
    <property name="user.timezone" value="Europe/Bucharest"/>
    <property name="os.name" value="Windows 11"/>
    <property name="java.vm.specification.version" value="17"/>
    <property name="sun.java.launcher" value="SUN_STANDARD"/>
    <property name="user.country" value="US"/>
    <property name="sun.boot.library.path" value="C:\Program Files\Java\jdk-17\bin"/>
    <property name="sun.java.command" value="C:\Users\crme276\AppData\Local\Temp\surefire10263205078142186214\surefirebooter-20250818123447476_3.jar C:\Users\crme276\AppData\Local\Temp\surefire10263205078142186214 2025-08-18T12-34-47_245-jvmRun1 surefire-20250818123447476_1tmp surefire_0-20250818123447476_2tmp"/>
    <property name="jdk.debug" value="release"/>
    <property name="surefire.test.class.path" value="C:\Users\crme276\IdeaProjects\JUnit-Product\shopping-cart-tests\target\test-classes;C:\Users\crme276\IdeaProjects\JUnit-Product\shopping-cart-tests\target\classes;C:\Users\crme276\.m2\repository\org\junit\jupiter\junit-jupiter\5.10.0\junit-jupiter-5.10.0.jar;C:\Users\crme276\.m2\repository\org\junit\jupiter\junit-jupiter-api\5.10.0\junit-jupiter-api-5.10.0.jar;C:\Users\crme276\.m2\repository\org\opentest4j\opentest4j\1.3.0\opentest4j-1.3.0.jar;C:\Users\crme276\.m2\repository\org\junit\platform\junit-platform-commons\1.10.0\junit-platform-commons-1.10.0.jar;C:\Users\crme276\.m2\repository\org\apiguardian\apiguardian-api\1.1.2\apiguardian-api-1.1.2.jar;C:\Users\crme276\.m2\repository\org\junit\jupiter\junit-jupiter-params\5.10.0\junit-jupiter-params-5.10.0.jar;C:\Users\crme276\.m2\repository\org\junit\jupiter\junit-jupiter-engine\5.10.0\junit-jupiter-engine-5.10.0.jar;C:\Users\crme276\.m2\repository\org\junit\platform\junit-platform-engine\1.10.0\junit-platform-engine-1.10.0.jar;C:\Users\crme276\IdeaProjects\JUnit-Product\shopping-cart-model\target\shopping-cart-model-1.0-SNAPSHOT.jar;C:\Users\crme276\IdeaProjects\JUnit-Product\shopping-cart-offers\target\shopping-cart-offers-1.0-SNAPSHOT.jar;C:\Users\crme276\.m2\repository\org\mockito\mockito-core\5.19.0\mockito-core-5.19.0.jar;C:\Users\crme276\.m2\repository\net\bytebuddy\byte-buddy\1.17.6\byte-buddy-1.17.6.jar;C:\Users\crme276\.m2\repository\net\bytebuddy\byte-buddy-agent\1.17.6\byte-buddy-agent-1.17.6.jar;C:\Users\crme276\.m2\repository\org\objenesis\objenesis\3.3\objenesis-3.3.jar;"/>
    <property name="sun.cpu.endian" value="little"/>
    <property name="user.home" value="C:\Users\crme276"/>
    <property name="user.language" value="en"/>
    <property name="java.specification.vendor" value="Oracle Corporation"/>
    <property name="java.version.date" value="2024-07-16"/>
    <property name="java.home" value="C:\Program Files\Java\jdk-17"/>
    <property name="file.separator" value="\"/>
    <property name="basedir" value="C:\Users\crme276\IdeaProjects\JUnit-Product\shopping-cart-tests"/>
    <property name="java.vm.compressedOopsMode" value="Zero based"/>
    <property name="line.separator" value="&#10;"/>
    <property name="java.vm.specification.vendor" value="Oracle Corporation"/>
    <property name="java.specification.name" value="Java Platform API Specification"/>
    <property name="surefire.real.class.path" value="C:\Users\crme276\AppData\Local\Temp\surefire10263205078142186214\surefirebooter-20250818123447476_3.jar"/>
    <property name="user.script" value=""/>
    <property name="sun.management.compiler" value="HotSpot 64-Bit Tiered Compilers"/>
    <property name="java.runtime.version" value="17.0.12+8-LTS-286"/>
    <property name="user.name" value="crme276"/>
    <property name="path.separator" value=";"/>
    <property name="os.version" value="10.0"/>
    <property name="java.runtime.name" value="Java(TM) SE Runtime Environment"/>
    <property name="file.encoding" value="Cp1252"/>
    <property name="java.vm.name" value="Java HotSpot(TM) 64-Bit Server VM"/>
    <property name="junit.jupiter.execution.parallel.enabled" value="false"/>
    <property name="localRepository" value="C:\Users\crme276\.m2\repository"/>
    <property name="java.vendor.url.bug" value="https://bugreport.java.com/bugreport/"/>
    <property name="java.io.tmpdir" value="C:\Users\crme276\AppData\Local\Temp\"/>
    <property name="java.version" value="17.0.12"/>
    <property name="user.dir" value="C:\Users\crme276\IdeaProjects\JUnit-Product\shopping-cart-tests"/>
    <property name="os.arch" value="amd64"/>
    <property name="java.vm.specification.name" value="Java Virtual Machine Specification"/>
    <property name="sun.os.patch.level" value=""/>
    <property name="native.encoding" value="Cp1252"/>
    <property name="java.library.path" value="C:\Program Files\Java\jdk-17\bin;C:\Windows\Sun\Java\bin;C:\Windows\system32;C:\Windows;C:\Users\crme276\bin;C:\Users\crme276\AppData\Local\Programs\Git\mingw64\bin;C:\Users\crme276\AppData\Local\Programs\Git\usr\local\bin;C:\Users\crme276\AppData\Local\Programs\Git\usr\bin;C:\Users\crme276\AppData\Local\Programs\Git\usr\bin;C:\Users\crme276\AppData\Local\Programs\Git\mingw64\bin;C:\Users\crme276\AppData\Local\Programs\Git\usr\bin;C:\Users\crme276\bin;C:\Program Files\Common Files\Oracle\Java\javapath;C:\Windows\system32;C:\Windows;C:\Windows\System32\Wbem;C:\Windows\System32\WindowsPowerShell\v1.0;C:\Windows\System32\OpenSSH;C:\Program Files\apache-maven-3.9.11\bin;C:\Program Files\Java\jdk-17\bin;C:\Users\crme276\AppData\Local\Microsoft\WindowsApps;C:\Users\crme276\AppData\Local\Programs\Git\cmd;C:\Users\crme276\AppData\Local\GitHubDesktop\bin;C:\Users\crme276\AppData\Local\Programs\Git\usr\bin\vendor_perl;C:\Users\crme276\AppData\Local\Programs\Git\usr\bin\core_perl;."/>
    <property name="java.vm.info" value="mixed mode, sharing"/>
    <property name="java.vendor" value="Oracle Corporation"/>
    <property name="java.vm.version" value="17.0.12+8-LTS-286"/>
    <property name="sun.io.unicode.encoding" value="UnicodeLittle"/>
    <property name="java.class.version" value="61.0"/>
  </properties>
  <testcase name="testAddProductWithEmptyName" classname="ShoppingCartAppTest" time="0.173"/>
  <testcase name="testGetProductByName" classname="ShoppingCartAppTest" time="1.889"/>
  <testcase name="testCartWithDifferentProductsAndOffers(CartTestData)[1]" classname="ShoppingCartAppTest" time="0.044"/>
  <testcase name="testCartWithDifferentProductsAndOffers(CartTestData)[2]" classname="ShoppingCartAppTest" time="0.007"/>
  <testcase name="testCartWithDifferentProductsAndOffers(CartTestData)[3]" classname="ShoppingCartAppTest" time="0.007"/>
  <testcase name="addSomeProducts" classname="ShoppingCartAppTest" time="0.005"/>
  <testcase name="testZeroSizeOnProductList" classname="ShoppingCartAppTest" time="0.006"/>
  <testcase name="createShoppingCartEmpty" classname="ShoppingCartAppTest" time="0.005"/>
  <testcase name="testAddProductWithNullName" classname="ShoppingCartAppTest" time="0.005"/>
  <testcase name="testApplyOfferIsCalled" classname="ShoppingCartAppTest" time="0.184"/>
  <testcase name="testTemporaryFolder" classname="ShoppingCartAppTest" time="0.009">
    <system-out><![CDATA[Temp directory: C:\Users\crme276\AppData\Local\Temp\junit18008010286948803521
Created file: C:\Users\crme276\AppData\Local\Temp\junit18008010286948803521\createdFile.txt
]]></system-out>
  </testcase>
  <testcase name="testGetProductByNameNotFound" classname="ShoppingCartAppTest" time="0.006"/>
  <testcase name="testApplyBuyOneGetFiftyPercentDiscountOnNextOfferToTheCart" classname="ShoppingCartAppTest" time="0.004"/>
  <testcase name="totalCartValueZero" classname="ShoppingCartAppTest" time="0.003"/>
  <testcase name="testAddMultipleQuantityOfAProductAndApplyOfferToCart" classname="ShoppingCartAppTest" time="0.006"/>
  <testcase name="dynamicCartTests" classname="ShoppingCartAppTest" time="0.004"/>
  <testcase name="dynamicCartTests" classname="ShoppingCartAppTest" time="0.001"/>
  <testcase name="dynamicCartTests" classname="ShoppingCartAppTest" time="0.001"/>
  <testcase name="addDifferentProductsAndAppyOfferToTheCart" classname="ShoppingCartAppTest" time="0.004"/>
  <testcase name="testApplyOfferWithFreeItems" classname="ShoppingCartAppTest" time="0.003"/>
  <testcase name="addSingleProduct" classname="ShoppingCartAppTest" time="0.003"/>
  <testcase name="testApplyBuyOneGetFiftyPercentDiscountOnNextOfferToTheMultipleProductsInCart" classname="ShoppingCartAppTest" time="0.005"/>
</testsuite>